[35m[Appium][39m Welcome to Appium v1.22.3
[35m[Appium][39m Non-default server args:
[35m[Appium][39m   port: 54067
[35m[Appium][39m   loglevel: info
[35m[Appium][39m   tmpDir: C:\Users\Admin\AppData\Local\Temp\\Katalon\Appium\Temp1753021219337
[35m[Appium][39m Appium REST http interface listener started on 0.0.0.0:54067
[35m[HTTP][39m [37m-->[39m [37mGET[39m [37m/wd/hub/status[39m
[35m[HTTP][39m [90m{}[39m
[35m[HTTP][39m [37m<-- GET /wd/hub/status [39m[32m200[39m [90m3 ms - 68[39m
[35m[HTTP][39m [90m[39m
[35m[HTTP][39m [37m-->[39m [37mGET[39m [37m/wd/hub/status[39m
[35m[HTTP][39m [90m{}[39m
[35m[HTTP][39m [37m<-- GET /wd/hub/status [39m[32m200[39m [90m1 ms - 68[39m
[35m[HTTP][39m [90m[39m
[35m[HTTP][39m [37m-->[39m [37mPOST[39m [37m/wd/hub/session[39m
[35m[HTTP][39m [90m{"capabilities":{"firstMatch":[{"appium:appActivity":".Settings","appium:appPackage":"com.android.settings","appium:autoGrantPermissions":"true","appium:automationName":"uiautomator2","appium:deviceName":"OPPO CPH2457 (Android 14)","appium:newCommandTimeout":1800,"appium:platformVersion":"14","appium:systemPort":8286,"appium:udid":"5194db69","platformName":"ANDROID"}]},"desiredCapabilities":{"appActivity":".Settings","appPackage":"com.android.settings","autoGrantPermissions":"true","automationName":"uiautomator2","debuggable":"true","deviceId":"5194db69","deviceName":"OPPO CPH2457 (Android 14)","disableSuppressAccessibilityService":"true","newCommandTimeout":1800,"platformName":"ANDROID","platformVersion":"14","systemPort":8286,"udid":"5194db69"}}[39m
[35m[Appium][39m The following capabilities were provided in the JSONWP desired capabilities that are missing in W3C capabilities: ["debuggable","deviceId","disableSuppressAccessibilityService"]
[35m[Appium][39m Trying to fix W3C capabilities by merging them with JSONWP caps
[35m[BaseDriver][39m The following capabilities are not standard capabilities and should have an extension prefix:
[35m[BaseDriver][39m   debuggable
[35m[BaseDriver][39m   deviceId
[35m[BaseDriver][39m   disableSuppressAccessibilityService
[35m[BaseDriver][39m   appActivity
[35m[BaseDriver][39m   appPackage
[35m[BaseDriver][39m   autoGrantPermissions
[35m[BaseDriver][39m   automationName
[35m[BaseDriver][39m   deviceName
[35m[BaseDriver][39m   newCommandTimeout
[35m[BaseDriver][39m   platformVersion
[35m[BaseDriver][39m   systemPort
[35m[BaseDriver][39m   udid
[35m[Appium][39m Appium v1.22.3 creating new AndroidUiautomator2Driver (v1.70.1) session
[35m[BaseDriver][39m Capability 'disableSuppressAccessibilityService' changed from string to boolean. This may cause unexpected behavior
[35m[BaseDriver][39m Capability 'autoGrantPermissions' changed from string to boolean. This may cause unexpected behavior
[35m[BaseDriver][39m The following capabilities were provided, but are not recognized by Appium:
[35m[BaseDriver][39m   debuggable
[35m[BaseDriver][39m   deviceId
[35m[BaseDriver][39m Session created with session id: 2a0e8917-f116-408f-b49f-4d6206e57ddd
[35m[UiAutomator2][39m Starting 'com.android.settings' directly on the device
[35m[ADB][39m Found 1 'build-tools' folders under 'C:\Users\Admin\.katalon\tools\android_sdk' (newest first):
[35m[ADB][39m     C:/Users/Admin/.katalon/tools/android_sdk/build-tools/29.0.3
[35m[ADB][39m Using 'adb.exe' from 'C:\Users\Admin\.katalon\tools\android_sdk\platform-tools\adb.exe'
[35m[AndroidDriver][39m Retrieving device list
[35m[AndroidDriver][39m Using device: 5194db69
[35m[ADB][39m Using 'adb.exe' from 'C:\Users\Admin\.katalon\tools\android_sdk\platform-tools\adb.exe'
[35m[ADB][39m Getting device platform version
[35m[UiAutomator2][39m Relaxing hidden api policy
[35m[UiAutomator2][39m Unable to remove system port forward: Error executing adbExec. Original error: 'Command 'C:\\Users\\Admin\\.katalon\\tools\\android_sdk\\platform-tools\\adb.exe -P 5037 -s 5194db69 forward --remove tcp\:8286' exited with code 1'; Command output: adb.exe: error: listener 'tcp:8286' not found
[35m[UiAutomator2][39m 
[35m[UiAutomator2][39m Restoring hidden api policy to the device default configuration
[35m[HTTP][39m [37m<-- POST /wd/hub/session [39m[31m500[39m [90m1187 ms - 10451[39m
[35m[HTTP][39m [90m[39m
